生成启动时间为 2015/11/24 13:36:53。
     1>项目“E:\GamePage - 副本\GamePage\GamePage.vcxproj”在节点 2 上(build 个目标)。
     1>InitializeBuildStatus:
         正在对“Debug\GamePage.unsuccessfulbuild”执行 Touch 任务。
       Midl:
         C:\Program Files (x86)\Microsoft SDKs\Windows\v7.0A\bin\midl.exe /D _DEBUG /W1 /nologo /char signed /env win32 /Oicf /h "GamePage_i.h" /iid "GamePage_i.c" /proxy "GamePage_p.c" /tlb "Debug\GamePage.tlb" /robust GamePage.idl 
         Processing .\GamePage.idl
         GamePage.idl
         Processing C:\Program Files (x86)\Microsoft SDKs\Windows\v7.0A\include\oaidl.idl
         oaidl.idl
         Processing C:\Program Files (x86)\Microsoft SDKs\Windows\v7.0A\include\objidl.idl
         objidl.idl
         Processing C:\Program Files (x86)\Microsoft SDKs\Windows\v7.0A\include\unknwn.idl
         unknwn.idl
         Processing C:\Program Files (x86)\Microsoft SDKs\Windows\v7.0A\include\wtypes.idl
         wtypes.idl
         Processing C:\Program Files (x86)\Microsoft SDKs\Windows\v7.0A\include\basetsd.h
         basetsd.h
         Processing C:\Program Files (x86)\Microsoft SDKs\Windows\v7.0A\include\guiddef.h
         guiddef.h
         Processing C:\Program Files (x86)\Microsoft SDKs\Windows\v7.0A\include\ocidl.idl
         ocidl.idl
         Processing C:\Program Files (x86)\Microsoft SDKs\Windows\v7.0A\include\oleidl.idl
         oleidl.idl
         Processing C:\Program Files (x86)\Microsoft SDKs\Windows\v7.0A\include\servprov.idl
         servprov.idl
         Processing C:\Program Files (x86)\Microsoft SDKs\Windows\v7.0A\include\urlmon.idl
         urlmon.idl
         Processing C:\Program Files (x86)\Microsoft SDKs\Windows\v7.0A\include\msxml.idl
         msxml.idl
     1>midl : command line error MIDL1001: cannot open input file PageEntry.idl
     1>已完成生成项目“E:\GamePage - 副本\GamePage\GamePage.vcxproj”(build 个目标)的操作 - 失败。

生成失败。

已用时间 00:00:00.78
